[Mon Nov  2 05:35:03 2020] ' Server Open
[Mon Nov  2 05:42:00 2020] ' Server Open
[Mon Nov  2 05:50:04 2020] ' Server Open
[Mon Nov  2 05:59:48 2020] ' Server Open
[Mon Nov  2 06:03:01 2020] ' Locale [en] does not exist
[Mon Nov  2 06:03:36 2020] ' Server Open
[Mon Nov  2 06:04:11 2020] ' Server Open
[Mon Nov  2 06:15:47 2020] ' Server Open
[Mon Nov  2 20:30:40 2020] ' Server Open
[Mon Nov  2 20:35:32 2020] ' Server Open
[Mon Nov  2 20:57:55 2020] ' Server Open
[Mon Nov  2 21:03:33 2020] ' Server Open
[Mon Nov  2 21:14:02 2020] ' Server Open
[Mon Nov  2 21:17:07 2020] ' Server Open
[Mon Nov  2 21:34:33 2020] ' Translation [en][] does not exist
[Wed Nov 18 02:04:04 2020] ' Server Open
[Wed Nov 18 02:17:36 2020] ' Server Open
[Wed Nov 18 02:22:38 2020] ' Server Open
[Wed Nov 18 02:27:44 2020] ' Server Open
[Wed Nov 18 02:37:51 2020] ' Server Open
[Wed Nov 18 02:39:49 2020] ' Server Open
[Tue Nov 24 01:35:04 2020] ' Server Open
